<?xml version="1.0" encoding="UTF-8"?>
<!-- Generated by org.testng.reporters.JUnitXMLReporter -->
<testsuite hostname="MAVBCP733" ignored="1" name="Calculator" tests="8" failures="0" timestamp="02 Jul 2020 17:55:20 GMT" time="0.081" errors="0">
  <testcase name="testDataAdd" time="0.014" classname="com.example.AddSubTest"/>
  <testcase name="testDataDiv" time="0.004" classname="com.example.AddSubTest"/>
  <testcase name="testDataMul" time="0.001" classname="com.example.AddSubTest"/>
  <testcase name="testDataSub" time="0.002" classname="com.example.AddSubTest"/>
  <testcase name="testParamAdd" time="0.003" classname="com.example.AddSubTest"/>
  <testcase name="testParamDiv" time="0.003" classname="com.example.AddSubTest"/>
  <testcase name="testParamMul" time="0.003" classname="com.example.AddSubTest"/>
  <testcase name="testParamSub" time="0.002" classname="com.example.AddSubTest"/>
  <testcase name="testExclude" time="0.0" classname="com.example.AddSubTest">
    <ignored/>
  </testcase> <!-- testExclude -->
</testsuite> <!-- Calculator -->
